<?xml version="1.0" encoding="UTF-8"?>
<!-- Generated by org.testng.reporters.JUnitReportReporter -->
<testsuite name="testNG.Excel" tests="1" time="29.235" ignored="0" failures="0" timestamp="08 Dec 2016 07:48:25 GMT" skipped="0" hostname="Lenovo-PC" errors="0">
  <testcase name="fff" time="29.235" classname="testNG.Excel"/>
</testsuite> <!-- testNG.Excel -->
