<?xml version="1.0" encoding="UTF-8"?>
<!-- Generated by org.testng.reporters.JUnitReportReporter -->
<testsuite name="testNG.CssSelector" tests="1" time="26.809" ignored="0" failures="0" timestamp="06 Dec 2016 09:39:49 GMT" skipped="0" hostname="Lenovo-PC" errors="0">
  <testcase name="f" time="26.809" classname="testNG.CssSelector"/>
</testsuite> <!-- testNG.CssSelector -->
