<?xml version="1.0" encoding="UTF-8"?>
<!-- Generated by org.testng.reporters.JUnitReportReporter -->
<testsuite name="keyword_fw.LoginUsing_Properties" tests="1" time="25.808" ignored="0" failures="0" timestamp="21 Dec 2016 09:02:46 GMT" skipped="0" hostname="Lenovo-PC" errors="0">
  <testcase name="f" time="25.808" classname="keyword_fw.LoginUsing_Properties"/>
</testsuite> <!-- keyword_fw.LoginUsing_Properties -->
