<?xml version="1.0" encoding="UTF-8"?>
<!-- Generated by org.testng.reporters.JUnitReportReporter -->
<testsuite name="dataDriven_FW.Datadriven_FW" tests="1" time="32.361" ignored="0" failures="0" timestamp="22 Dec 2016 07:33:38 GMT" skipped="0" hostname="Lenovo-PC" errors="0">
  <testcase name="f" time="32.361" classname="dataDriven_FW.Datadriven_FW"/>
</testsuite> <!-- dataDriven_FW.Datadriven_FW -->
