<?xml version="1.0" encoding="UTF-8"?>
<!-- Generated by org.testng.reporters.JUnitReportReporter -->
<testsuite name="testNG.Download" tests="1" time="20.680" ignored="0" failures="0" timestamp="06 Dec 2016 18:31:16 GMT" skipped="0" hostname="Lenovo-PC" errors="0">
  <testcase name="download" time="20.680" classname="testNG.Download"/>
</testsuite> <!-- testNG.Download -->
