<?xml version="1.0" encoding="UTF-8"?>
<!-- Generated by org.testng.reporters.JUnitReportReporter -->
<testsuite name="webTables.Calander_webTable" tests="1" time="68.237" ignored="0" failures="0" timestamp="16 Dec 2016 08:55:13 GMT" skipped="0" hostname="Lenovo-PC" errors="0">
  <testcase name="date_pick" time="68.237" classname="webTables.Calander_webTable"/>
</testsuite> <!-- webTables.Calander_webTable -->
