<?xml version="1.0" encoding="UTF-8"?>
<!-- Generated by org.testng.reporters.JUnitReportReporter -->
<testsuite name="testNG.Upload_autoit" tests="1" time="20.120" ignored="0" failures="0" timestamp="06 Dec 2016 19:04:45 GMT" skipped="0" hostname="Lenovo-PC" errors="0">
  <testcase name="upload" time="20.120" classname="testNG.Upload_autoit"/>
</testsuite> <!-- testNG.Upload_autoit -->
