<?xml version="1.0" encoding="UTF-8"?>
<!-- Generated by org.testng.reporters.JUnitReportReporter -->
<testsuite name="testNG.Robot_upload" tests="1" time="30.731" ignored="0" failures="0" timestamp="06 Dec 2016 19:59:59 GMT" skipped="0" hostname="Lenovo-PC" errors="0">
  <testcase name="robot_upload" time="30.731" classname="testNG.Robot_upload"/>
</testsuite> <!-- testNG.Robot_upload -->
