<?xml version="1.0" encoding="UTF-8"?>
<!-- Generated by org.testng.reporters.JUnitReportReporter -->
<testsuite name="grid2.Grid_node1" tests="1" time="28.732" ignored="0" failures="0" timestamp="16 Dec 2016 10:32:32 GMT" skipped="0" hostname="Lenovo-PC" errors="0">
  <testcase name="grid_Br1" time="28.732" classname="grid2.Grid_node1"/>
</testsuite> <!-- grid2.Grid_node1 -->
