<?xml version="1.0" encoding="UTF-8"?>
<!-- Generated by org.testng.reporters.JUnitReportReporter -->
<testsuite name="grid2.LoginonGridUingDataProvider" tests="2" time="47.747" ignored="0" failures="0" timestamp="13 Dec 2016 15:08:10 GMT" skipped="0" hostname="Lenovo-PC" errors="2">
  <testcase name="loginTest" time="0.027" classname="grid2.LoginonGridUingDataProvider">
    <error type="org.openqa.selenium.WebDriverException" message="Error forwarding the new session cannot find : Capabilities [{ensureCleanSession=true, browserName=ie, version=, platform=WIN8_1}]
Command duration or timeout: 16 milliseconds
Build info: version: &#039;2.48.2&#039;, revision: &#039;41bccdd&#039;, time: &#039;2015-10-09 19:59:12&#039;
System info: host: &#039;Lenovo-PC&#039;, ip: &#039;192.168.43.202&#039;, os.name: &#039;Windows 8.1&#039;, os.arch: &#039;amd64&#039;, os.version: &#039;6.3&#039;, java.version: &#039;1.8.0_111&#039;
Driver info: org.openqa.selenium.remote.RemoteWebDriver">
      <![CDATA[org.openqa.selenium.WebDriverException: Error forwarding the new session cannot find : Capabilities [{ensureCleanSession=true, browserName=ie, version=, platform=WIN8_1}]
Command duration or timeout: 16 milliseconds
Build info: version: '2.48.2', revision: '41bccdd', time: '2015-10-09 19:59:12'
System info: host: 'Lenovo-PC', ip: '192.168.43.202', os.name: 'Windows 8.1', os.arch: 'amd64', os.version: '6.3', java.version: '1.8.0_111'
Driver info: org.openqa.selenium.remote.RemoteWebDriver
	at sun.reflect.NativeConstructorAccessorImpl.newInstance0(Native Method)
	at sun.reflect.NativeConstructorAccessorImpl.newInstance(Unknown Source)
	at sun.reflect.DelegatingConstructorAccessorImpl.newInstance(Unknown Source)
	at java.lang.reflect.Constructor.newInstance(Unknown Source)
	at org.openqa.selenium.remote.ErrorHandler.createThrowable(ErrorHandler.java:206)
	at org.openqa.selenium.remote.ErrorHandler.throwIfResponseFailed(ErrorHandler.java:158)
	at org.openqa.selenium.remote.RemoteWebDriver.execute(RemoteWebDriver.java:647)
	at org.openqa.selenium.remote.RemoteWebDriver.startSession(RemoteWebDriver.java:247)
	at org.openqa.selenium.remote.RemoteWebDriver.<init>(RemoteWebDriver.java:129)
	at org.openqa.selenium.remote.RemoteWebDriver.<init>(RemoteWebDriver.java:156)
	at grid2.LoginonGridUingDataProvider.loginTest(LoginonGridUingDataProvider.java:50)
	at sun.reflect.NativeMethodAccessorImpl.invoke0(Native Method)
	at sun.reflect.NativeMethodAccessorImpl.invoke(Unknown Source)
	at sun.reflect.DelegatingMethodAccessorImpl.invoke(Unknown Source)
	at java.lang.reflect.Method.invoke(Unknown Source)
	at org.testng.internal.MethodInvocationHelper.invokeMethod(MethodInvocationHelper.java:104)
	at org.testng.internal.Invoker.invokeMethod(Invoker.java:645)
	at org.testng.internal.Invoker.invokeTestMethod(Invoker.java:851)
	at org.testng.internal.Invoker.invokeTestMethods(Invoker.java:1177)
	at org.testng.internal.TestMethodWorker.invokeTestMethods(TestMethodWorker.java:129)
	at org.testng.internal.TestMethodWorker.run(TestMethodWorker.java:112)
	at org.testng.TestRunner.privateRun(TestRunner.java:756)
	at org.testng.TestRunner.run(TestRunner.java:610)
	at org.testng.SuiteRunner.runTest(SuiteRunner.java:387)
	at org.testng.SuiteRunner.runSequentially(SuiteRunner.java:382)
	at org.testng.SuiteRunner.privateRun(SuiteRunner.java:340)
	at org.testng.SuiteRunner.run(SuiteRunner.java:289)
	at org.testng.SuiteRunnerWorker.runSuite(SuiteRunnerWorker.java:52)
	at org.testng.SuiteRunnerWorker.run(SuiteRunnerWorker.java:86)
	at org.testng.TestNG.runSuitesSequentially(TestNG.java:1293)
	at org.testng.TestNG.runSuitesLocally(TestNG.java:1218)
	at org.testng.TestNG.runSuites(TestNG.java:1133)
	at org.testng.TestNG.run(TestNG.java:1104)
	at org.testng.remote.AbstractRemoteTestNG.run(AbstractRemoteTestNG.java:132)
	at org.testng.remote.RemoteTestNG.initAndRun(RemoteTestNG.java:236)
	at org.testng.remote.RemoteTestNG.main(RemoteTestNG.java:81)
Caused by: org.openqa.grid.common.exception.GridException: Error forwarding the new session cannot find : Capabilities [{ensureCleanSession=true, browserName=ie, version=, platform=WIN8_1}]
	at org.openqa.grid.web.servlet.handler.RequestHandler.process(RequestHandler.java:115)
	at org.openqa.grid.web.servlet.DriverServlet.process(DriverServlet.java:83)
	at org.openqa.grid.web.servlet.DriverServlet.doPost(DriverServlet.java:67)
	at javax.servlet.http.HttpServlet.service(HttpServlet.java:707)
	at javax.servlet.http.HttpServlet.service(HttpServlet.java:790)
	at org.seleniumhq.jetty9.servlet.ServletHolder.handle(ServletHolder.java:808)
	at org.seleniumhq.jetty9.servlet.ServletHandler.doHandle(ServletHandler.java:587)
	at org.seleniumhq.jetty9.server.session.SessionHandler.doHandle(SessionHandler.java:221)
	at org.seleniumhq.jetty9.server.handler.ContextHandler.doHandle(ContextHandler.java:1127)
	at org.seleniumhq.jetty9.servlet.ServletHandler.doScope(ServletHandler.java:515)
	at org.seleniumhq.jetty9.server.session.SessionHandler.doScope(SessionHandler.java:185)
	at org.seleniumhq.jetty9.server.handler.ContextHandler.doScope(ContextHandler.java:1061)
	at org.seleniumhq.jetty9.server.handler.ScopedHandler.handle(ScopedHandler.java:141)
	at org.seleniumhq.jetty9.server.handler.HandlerWrapper.handle(HandlerWrapper.java:97)
	at org.seleniumhq.jetty9.server.Server.handle(Server.java:499)
	at org.seleniumhq.jetty9.server.HttpChannel.handle(HttpChannel.java:310)
	at org.seleniumhq.jetty9.server.HttpConnection.onFillable(HttpConnection.java:257)
	at org.seleniumhq.jetty9.io.AbstractConnection$2.run(AbstractConnection.java:540)
	at org.seleniumhq.jetty9.util.thread.QueuedThreadPool.runJob(QueuedThreadPool.java:635)
	at org.seleniumhq.jetty9.util.thread.QueuedThreadPool$3.run(QueuedThreadPool.java:555)
	at java.lang.Thread.run(Unknown Source)
]]>
    </error>
  </testcase> <!-- loginTest -->
  <testcase name="loginTest" time="47.720" classname="grid2.LoginonGridUingDataProvider">
    <error type="org.openqa.selenium.WebDriverException" message="Unable to connect to host 127.0.0.1 on port 7055 after 45000 ms. Firefox console output:
or&quot;:&quot;Mozilla&quot;,&quot;homepageURL&quot;:null,&quot;contributors&quot;:[&quot;Mozilla Contributors&quot;]},&quot;visible&quot;:true,&quot;active&quot;:true,&quot;userDisabled&quot;:false,&quot;appDisabled&quot;:false,&quot;descriptor&quot;:&quot;C:\\Program Files\\Mozilla Firefox\\browser\\extensions\\{972ce4c6-7e08-4474-a285-3208198ce6fd}.xpi&quot;,&quot;installDate&quot;:1480581627185,&quot;updateDate&quot;:1480581627185,&quot;applyBackgroundUpdates&quot;:1,&quot;skinnable&quot;:true,&quot;size&quot;:21152,&quot;sourceURI&quot;:null,&quot;releaseNotesURI&quot;:null,&quot;softDisabled&quot;:false,&quot;foreignInstall&quot;:false,&quot;hasBinaryComponents&quot;:false,&quot;strictCompatibility&quot;:true,&quot;locales&quot;:[],&quot;targetApplications&quot;:[{&quot;id&quot;:&quot;{ec8030f7-c20a-464f-9b0e-13a3a9e97384}&quot;,&quot;minVersion&quot;:&quot;50.0.2&quot;,&quot;maxVersion&quot;:&quot;50.0.2&quot;}],&quot;targetPlatforms&quot;:[],&quot;seen&quot;:true}
1481641615047	addons.xpi	DEBUG	getModTime: Recursive scan of {972ce4c6-7e08-4474-a285-3208198ce6fd}
1481641615049	DeferredSave.extensions.json	DEBUG	Save changes
1481641615049	addons.xpi	DEBUG	Updating database with changes to installed add-ons
1481641615049	addons.xpi-utils	DEBUG	Updating add-on states
1481641615053	addons.xpi-utils	DEBUG	Writing add-ons list
1481641615059	addons.xpi	DEBUG	Registering manifest for C:\Program Files\Mozilla Firefox\browser\features\aushelper@mozilla.org.xpi
1481641615061	addons.xpi	DEBUG	Calling bootstrap method startup on aushelper@mozilla.org version 1.0
1481641615075	addons.xpi	DEBUG	Registering manifest for C:\Program Files\Mozilla Firefox\browser\features\e10srollout@mozilla.org.xpi
1481641615076	addons.xpi	DEBUG	Calling bootstrap method startup on e10srollout@mozilla.org version 1.5
1481641615076	addons.xpi	DEBUG	Registering manifest for C:\Program Files\Mozilla Firefox\browser\features\firefox@getpocket.com.xpi
1481641615077	addons.xpi	DEBUG	Calling bootstrap method startup on firefox@getpocket.com version 1.0.5
1481641615079	addons.xpi	DEBUG	Registering manifest for C:\Program Files\Mozilla Firefox\browser\features\webcompat@mozilla.org.xpi
1481641615079	addons.xpi	DEBUG	Calling bootstrap method startup on webcompat@mozilla.org version 1.0
1481641615082	addons.manager	DEBUG	Registering shutdown blocker for XPIProvider
1481641615084	addons.manager	DEBUG	Provider finished startup: XPIProvider
1481641615084	addons.manager	DEBUG	Starting provider: LightweightThemeManager
1481641615084	addons.manager	DEBUG	Registering shutdown blocker for LightweightThemeManager
1481641615084	addons.manager	DEBUG	Provider finished startup: LightweightThemeManager
1481641615085	addons.manager	DEBUG	Starting provider: GMPProvider
1481641615098	addons.manager	DEBUG	Registering shutdown blocker for GMPProvider
1481641615099	addons.manager	DEBUG	Provider finished startup: GMPProvider
1481641615099	addons.manager	DEBUG	Starting provider: PluginProvider
1481641615099	addons.manager	DEBUG	Registering shutdown blocker for PluginProvider
1481641615100	addons.manager	DEBUG	Provider finished startup: PluginProvider
1481641615101	addons.manager	DEBUG	Completed startup sequence
1481641617146	addons.manager	DEBUG	Starting provider: &lt;unnamed-provider&gt;
1481641617146	addons.manager	DEBUG	Registering shutdown blocker for &lt;unnamed-provider&gt;
1481641617147	addons.manager	DEBUG	Provider finished startup: &lt;unnamed-provider&gt;
1481641619083	DeferredSave.extensions.json	DEBUG	Write succeeded
1481641619084	addons.xpi-utils	DEBUG	XPI Database saved, setting schema version preference to 17
1481641619084	DeferredSave.extensions.json	DEBUG	Starting timer
1481641619131	DeferredSave.extensions.json	DEBUG	Starting write
1481641619144	addons.repository	DEBUG	No addons.json found.
1481641619145	DeferredSave.addons.json	DEBUG	Save changes
1481641619149	DeferredSave.addons.json	DEBUG	Starting timer
1481641619183	addons.manager	DEBUG	Starting provider: PreviousExperimentProvider
1481641619183	addons.manager	DEBUG	Registering shutdown blocker for PreviousExperimentProvider
1481641619184	addons.manager	DEBUG	Provider finished startup: PreviousExperimentProvider
1481641619199	DeferredSave.extensions.json	DEBUG	Write succeeded
1481641619253	DeferredSave.addons.json	DEBUG	Starting write
1481641619292	DeferredSave.addons.json	DEBUG	Write succeeded

Command duration or timeout: 47.19 seconds
Build info: version: &#039;2.48.2&#039;, revision: &#039;41bccdd&#039;, time: &#039;2015-10-09 19:59:12&#039;
System info: host: &#039;Lenovo-PC&#039;, ip: &#039;192.168.43.202&#039;, os.name: &#039;Windows 8.1&#039;, os.arch: &#039;amd64&#039;, os.version: &#039;6.3&#039;, java.version: &#039;1.8.0_111&#039;
Driver info: org.openqa.selenium.remote.RemoteWebDriver">
      <![CDATA[org.openqa.selenium.WebDriverException: Unable to connect to host 127.0.0.1 on port 7055 after 45000 ms. Firefox console output:
or":"Mozilla","homepageURL":null,"contributors":["Mozilla Contributors"]},"visible":true,"active":true,"userDisabled":false,"appDisabled":false,"descriptor":"C:\\Program Files\\Mozilla Firefox\\browser\\extensions\\{972ce4c6-7e08-4474-a285-3208198ce6fd}.xpi","installDate":1480581627185,"updateDate":1480581627185,"applyBackgroundUpdates":1,"skinnable":true,"size":21152,"sourceURI":null,"releaseNotesURI":null,"softDisabled":false,"foreignInstall":false,"hasBinaryComponents":false,"strictCompatibility":true,"locales":[],"targetApplications":[{"id":"{ec8030f7-c20a-464f-9b0e-13a3a9e97384}","minVersion":"50.0.2","maxVersion":"50.0.2"}],"targetPlatforms":[],"seen":true}
1481641615047	addons.xpi	DEBUG	getModTime: Recursive scan of {972ce4c6-7e08-4474-a285-3208198ce6fd}
1481641615049	DeferredSave.extensions.json	DEBUG	Save changes
1481641615049	addons.xpi	DEBUG	Updating database with changes to installed add-ons
1481641615049	addons.xpi-utils	DEBUG	Updating add-on states
1481641615053	addons.xpi-utils	DEBUG	Writing add-ons list
1481641615059	addons.xpi	DEBUG	Registering manifest for C:\Program Files\Mozilla Firefox\browser\features\aushelper@mozilla.org.xpi
1481641615061	addons.xpi	DEBUG	Calling bootstrap method startup on aushelper@mozilla.org version 1.0
1481641615075	addons.xpi	DEBUG	Registering manifest for C:\Program Files\Mozilla Firefox\browser\features\e10srollout@mozilla.org.xpi
1481641615076	addons.xpi	DEBUG	Calling bootstrap method startup on e10srollout@mozilla.org version 1.5
1481641615076	addons.xpi	DEBUG	Registering manifest for C:\Program Files\Mozilla Firefox\browser\features\firefox@getpocket.com.xpi
1481641615077	addons.xpi	DEBUG	Calling bootstrap method startup on firefox@getpocket.com version 1.0.5
1481641615079	addons.xpi	DEBUG	Registering manifest for C:\Program Files\Mozilla Firefox\browser\features\webcompat@mozilla.org.xpi
1481641615079	addons.xpi	DEBUG	Calling bootstrap method startup on webcompat@mozilla.org version 1.0
1481641615082	addons.manager	DEBUG	Registering shutdown blocker for XPIProvider
1481641615084	addons.manager	DEBUG	Provider finished startup: XPIProvider
1481641615084	addons.manager	DEBUG	Starting provider: LightweightThemeManager
1481641615084	addons.manager	DEBUG	Registering shutdown blocker for LightweightThemeManager
1481641615084	addons.manager	DEBUG	Provider finished startup: LightweightThemeManager
1481641615085	addons.manager	DEBUG	Starting provider: GMPProvider
1481641615098	addons.manager	DEBUG	Registering shutdown blocker for GMPProvider
1481641615099	addons.manager	DEBUG	Provider finished startup: GMPProvider
1481641615099	addons.manager	DEBUG	Starting provider: PluginProvider
1481641615099	addons.manager	DEBUG	Registering shutdown blocker for PluginProvider
1481641615100	addons.manager	DEBUG	Provider finished startup: PluginProvider
1481641615101	addons.manager	DEBUG	Completed startup sequence
1481641617146	addons.manager	DEBUG	Starting provider: <unnamed-provider>
1481641617146	addons.manager	DEBUG	Registering shutdown blocker for <unnamed-provider>
1481641617147	addons.manager	DEBUG	Provider finished startup: <unnamed-provider>
1481641619083	DeferredSave.extensions.json	DEBUG	Write succeeded
1481641619084	addons.xpi-utils	DEBUG	XPI Database saved, setting schema version preference to 17
1481641619084	DeferredSave.extensions.json	DEBUG	Starting timer
1481641619131	DeferredSave.extensions.json	DEBUG	Starting write
1481641619144	addons.repository	DEBUG	No addons.json found.
1481641619145	DeferredSave.addons.json	DEBUG	Save changes
1481641619149	DeferredSave.addons.json	DEBUG	Starting timer
1481641619183	addons.manager	DEBUG	Starting provider: PreviousExperimentProvider
1481641619183	addons.manager	DEBUG	Registering shutdown blocker for PreviousExperimentProvider
1481641619184	addons.manager	DEBUG	Provider finished startup: PreviousExperimentProvider
1481641619199	DeferredSave.extensions.json	DEBUG	Write succeeded
1481641619253	DeferredSave.addons.json	DEBUG	Starting write
1481641619292	DeferredSave.addons.json	DEBUG	Write succeeded

Command duration or timeout: 47.19 seconds
Build info: version: '2.48.2', revision: '41bccdd', time: '2015-10-09 19:59:12'
System info: host: 'Lenovo-PC', ip: '192.168.43.202', os.name: 'Windows 8.1', os.arch: 'amd64', os.version: '6.3', java.version: '1.8.0_111'
Driver info: org.openqa.selenium.remote.RemoteWebDriver
	at sun.reflect.NativeConstructorAccessorImpl.newInstance0(Native Method)
	at sun.reflect.NativeConstructorAccessorImpl.newInstance(Unknown Source)
	at sun.reflect.DelegatingConstructorAccessorImpl.newInstance(Unknown Source)
	at java.lang.reflect.Constructor.newInstance(Unknown Source)
	at org.openqa.selenium.remote.ErrorHandler.createThrowable(ErrorHandler.java:206)
	at org.openqa.selenium.remote.ErrorHandler.throwIfResponseFailed(ErrorHandler.java:158)
	at org.openqa.selenium.remote.RemoteWebDriver.execute(RemoteWebDriver.java:647)
	at org.openqa.selenium.remote.RemoteWebDriver.startSession(RemoteWebDriver.java:247)
	at org.openqa.selenium.remote.RemoteWebDriver.<init>(RemoteWebDriver.java:129)
	at org.openqa.selenium.remote.RemoteWebDriver.<init>(RemoteWebDriver.java:156)
	at grid2.LoginonGridUingDataProvider.loginTest(LoginonGridUingDataProvider.java:50)
	at sun.reflect.NativeMethodAccessorImpl.invoke0(Native Method)
	at sun.reflect.NativeMethodAccessorImpl.invoke(Unknown Source)
	at sun.reflect.DelegatingMethodAccessorImpl.invoke(Unknown Source)
	at java.lang.reflect.Method.invoke(Unknown Source)
	at org.testng.internal.MethodInvocationHelper.invokeMethod(MethodInvocationHelper.java:104)
	at org.testng.internal.Invoker.invokeMethod(Invoker.java:645)
	at org.testng.internal.Invoker.invokeTestMethod(Invoker.java:851)
	at org.testng.internal.Invoker.invokeTestMethods(Invoker.java:1177)
	at org.testng.internal.TestMethodWorker.invokeTestMethods(TestMethodWorker.java:129)
	at org.testng.internal.TestMethodWorker.run(TestMethodWorker.java:112)
	at org.testng.TestRunner.privateRun(TestRunner.java:756)
	at org.testng.TestRunner.run(TestRunner.java:610)
	at org.testng.SuiteRunner.runTest(SuiteRunner.java:387)
	at org.testng.SuiteRunner.runSequentially(SuiteRunner.java:382)
	at org.testng.SuiteRunner.privateRun(SuiteRunner.java:340)
	at org.testng.SuiteRunner.run(SuiteRunner.java:289)
	at org.testng.SuiteRunnerWorker.runSuite(SuiteRunnerWorker.java:52)
	at org.testng.SuiteRunnerWorker.run(SuiteRunnerWorker.java:86)
	at org.testng.TestNG.runSuitesSequentially(TestNG.java:1293)
	at org.testng.TestNG.runSuitesLocally(TestNG.java:1218)
	at org.testng.TestNG.runSuites(TestNG.java:1133)
	at org.testng.TestNG.run(TestNG.java:1104)
	at org.testng.remote.AbstractRemoteTestNG.run(AbstractRemoteTestNG.java:132)
	at org.testng.remote.RemoteTestNG.initAndRun(RemoteTestNG.java:236)
	at org.testng.remote.RemoteTestNG.main(RemoteTestNG.java:81)
Caused by: org.openqa.selenium.remote.ErrorHandler$UnknownServerException: Unable to connect to host 127.0.0.1 on port 7055 after 45000 ms. Firefox console output:
or":"Mozilla","homepageURL":null,"contributors":["Mozilla Contributors"]},"visible":true,"active":true,"userDisabled":false,"appDisabled":false,"descriptor":"C:\\Program Files\\Mozilla Firefox\\browser\\extensions\\{972ce4c6-7e08-4474-a285-3208198ce6fd}.xpi","installDate":1480581627185,"updateDate":1480581627185,"applyBackgroundUpdates":1,"skinnable":true,"size":21152,"sourceURI":null,"releaseNotesURI":null,"softDisabled":false,"foreignInstall":false,"hasBinaryComponents":false,"strictCompatibility":true,"locales":[],"targetApplications":[{"id":"{ec8030f7-c20a-464f-9b0e-13a3a9e97384}","minVersion":"50.0.2","maxVersion":"50.0.2"}],"targetPlatforms":[],"seen":true}
1481641615047	addons.xpi	DEBUG	getModTime: Recursive scan of {972ce4c6-7e08-4474-a285-3208198ce6fd}
1481641615049	DeferredSave.extensions.json	DEBUG	Save changes
1481641615049	addons.xpi	DEBUG	Updating database with changes to installed add-ons
1481641615049	addons.xpi-utils	DEBUG	Updating add-on states
1481641615053	addons.xpi-utils	DEBUG	Writing add-ons list
1481641615059	addons.xpi	DEBUG	Registering manifest for C:\Program Files\Mozilla Firefox\browser\features\aushelper@mozilla.org.xpi
1481641615061	addons.xpi	DEBUG	Calling bootstrap method startup on aushelper@mozilla.org version 1.0
1481641615075	addons.xpi	DEBUG	Registering manifest for C:\Program Files\Mozilla Firefox\browser\features\e10srollout@mozilla.org.xpi
1481641615076	addons.xpi	DEBUG	Calling bootstrap method startup on e10srollout@mozilla.org version 1.5
1481641615076	addons.xpi	DEBUG	Registering manifest for C:\Program Files\Mozilla Firefox\browser\features\firefox@getpocket.com.xpi
1481641615077	addons.xpi	DEBUG	Calling bootstrap method startup on firefox@getpocket.com version 1.0.5
1481641615079	addons.xpi	DEBUG	Registering manifest for C:\Program Files\Mozilla Firefox\browser\features\webcompat@mozilla.org.xpi
1481641615079	addons.xpi	DEBUG	Calling bootstrap method startup on webcompat@mozilla.org version 1.0
1481641615082	addons.manager	DEBUG	Registering shutdown blocker for XPIProvider
1481641615084	addons.manager	DEBUG	Provider finished startup: XPIProvider
1481641615084	addons.manager	DEBUG	Starting provider: LightweightThemeManager
1481641615084	addons.manager	DEBUG	Registering shutdown blocker for LightweightThemeManager
1481641615084	addons.manager	DEBUG	Provider finished startup: LightweightThemeManager
1481641615085	addons.manager	DEBUG	Starting provider: GMPProvider
1481641615098	addons.manager	DEBUG	Registering shutdown blocker for GMPProvider
1481641615099	addons.manager	DEBUG	Provider finished startup: GMPProvider
1481641615099	addons.manager	DEBUG	Starting provider: PluginProvider
1481641615099	addons.manager	DEBUG	Registering shutdown blocker for PluginProvider
1481641615100	addons.manager	DEBUG	Provider finished startup: PluginProvider
1481641615101	addons.manager	DEBUG	Completed startup sequence
1481641617146	addons.manager	DEBUG	Starting provider: <unnamed-provider>
1481641617146	addons.manager	DEBUG	Registering shutdown blocker for <unnamed-provider>
1481641617147	addons.manager	DEBUG	Provider finished startup: <unnamed-provider>
1481641619083	DeferredSave.extensions.json	DEBUG	Write succeeded
1481641619084	addons.xpi-utils	DEBUG	XPI Database saved, setting schema version preference to 17
1481641619084	DeferredSave.extensions.json	DEBUG	Starting timer
1481641619131	DeferredSave.extensions.json	DEBUG	Starting write
1481641619144	addons.repository	DEBUG	No addons.json found.
1481641619145	DeferredSave.addons.json	DEBUG	Save changes
1481641619149	DeferredSave.addons.json	DEBUG	Starting timer
1481641619183	addons.manager	DEBUG	Starting provider: PreviousExperimentProvider
1481641619183	addons.manager	DEBUG	Registering shutdown blocker for PreviousExperimentProvider
1481641619184	addons.manager	DEBUG	Provider finished startup: PreviousExperimentProvider
1481641619199	DeferredSave.extensions.json	DEBUG	Write succeeded
1481641619253	DeferredSave.addons.json	DEBUG	Starting write
1481641619292	DeferredSave.addons.json	DEBUG	Write succeeded

Build info: version: '2.48.2', revision: '41bccdd', time: '2015-10-09 19:59:12'
System info: host: 'Lenovo-PC', ip: '192.168.43.202', os.name: 'Windows 8.1', os.arch: 'amd64', os.version: '6.3', java.version: '1.8.0_111'
Driver info: driver.version: FirefoxDriver
	at org.openqa.selenium.firefox.internal.NewProfileExtensionConnection.start(NewProfileExtensionConnection.java:112)
	at org.openqa.selenium.firefox.FirefoxDriver.startClient(FirefoxDriver.java:271)
	at org.openqa.selenium.remote.RemoteWebDriver.<init>(RemoteWebDriver.java:119)
	at org.openqa.selenium.firefox.FirefoxDriver.<init>(FirefoxDriver.java:218)
	at org.openqa.selenium.firefox.FirefoxDriver.<init>(FirefoxDriver.java:211)
	at org.openqa.selenium.firefox.FirefoxDriver.<init>(FirefoxDriver.java:129)
	at sun.reflect.NativeConstructorAccessorImpl.newInstance0(Native Method)
	at sun.reflect.NativeConstructorAccessorImpl.newInstance(Unknown Source)
	at sun.reflect.DelegatingConstructorAccessorImpl.newInstance(Unknown Source)
	at java.lang.reflect.Constructor.newInstance(Unknown Source)
	at org.openqa.selenium.remote.server.FirefoxDriverProvider.callConstructor(FirefoxDriverProvider.java:91)
	at org.openqa.selenium.remote.server.FirefoxDriverProvider.newInstance(FirefoxDriverProvider.java:68)
	at org.openqa.selenium.remote.server.DefaultDriverFactory.newInstance(DefaultDriverFactory.java:60)
	at org.openqa.selenium.remote.server.DefaultSession$BrowserCreator.call(DefaultSession.java:222)
	at org.openqa.selenium.remote.server.DefaultSession$BrowserCreator.call(DefaultSession.java:1)
	at java.util.concurrent.FutureTask.run(Unknown Source)
	at org.openqa.selenium.remote.server.DefaultSession$1.run(DefaultSession.java:176)
	at java.util.concurrent.ThreadPoolExecutor.runWorker(Unknown Source)
	at java.util.concurrent.ThreadPoolExecutor$Worker.run(Unknown Source)
	at java.lang.Thread.run(Unknown Source)
]]>
    </error>
  </testcase> <!-- loginTest -->
</testsuite> <!-- grid2.LoginonGridUingDataProvider -->
