<?xml version="1.0" encoding="UTF-8"?>
<!-- Generated by org.testng.reporters.JUnitReportReporter -->
<testsuite hostname="Lenovo-PC" name="testNG.Window_Handles" tests="1" failures="0" timestamp="5 Dec 2016 11:31:51 GMT" time="26.162" errors="0">
  <testcase name="popup" time="26.162" classname="testNG.Window_Handles"/>
</testsuite> <!-- testNG.Window_Handles -->
