<?xml version="1.0" encoding="UTF-8"?>
<!-- Generated by org.testng.reporters.JUnitReportReporter -->
<testsuite name="grid2.Data_provider" tests="2" time="74.355" ignored="0" failures="0" timestamp="16 Dec 2016 10:40:24 GMT" skipped="0" hostname="Lenovo-PC" errors="0">
  <testcase name="loginTest" time="32.810" classname="grid2.Data_provider"/>
  <testcase name="loginTest" time="41.545" classname="grid2.Data_provider"/>
</testsuite> <!-- grid2.Data_provider -->
