<?xml version="1.0" encoding="UTF-8"?>
<!-- Generated by org.testng.reporters.JUnitReportReporter -->
<testsuite name="testNG.Robot_download" tests="1" time="18.281" ignored="0" failures="0" timestamp="06 Dec 2016 19:28:37 GMT" skipped="0" hostname="Lenovo-PC" errors="0">
  <testcase name="rb_download" time="18.281" classname="testNG.Robot_download"/>
</testsuite> <!-- testNG.Robot_download -->
