<?xml version="1.0" encoding="UTF-8"?>
<!-- Generated by org.testng.reporters.JUnitReportReporter -->
<testsuite hostname="Lenovo-PC" name="testNG.Frames_Handle" tests="1" failures="0" timestamp="5 Dec 2016 12:05:42 GMT" time="26.344" errors="0">
  <testcase name="frame" time="26.344" classname="testNG.Frames_Handle"/>
</testsuite> <!-- testNG.Frames_Handle -->
