<?xml version="1.0" encoding="UTF-8"?>
<!-- Generated by org.testng.reporters.JUnitReportReporter -->
<testsuite name="testNG.Execel_multiple" tests="1" time="47.291" ignored="0" failures="0" timestamp="08 Dec 2016 08:35:16 GMT" skipped="0" hostname="Lenovo-PC" errors="0">
  <testcase name="read_write" time="47.291" classname="testNG.Execel_multiple"/>
</testsuite> <!-- testNG.Execel_multiple -->
