<?xml version="1.0" encoding="UTF-8"?>
<!-- Generated by org.testng.reporters.JUnitReportReporter -->
<testsuite name="keyword_fw.LoginUsing_Keywords" tests="1" time="24.906" ignored="0" failures="0" timestamp="21 Dec 2016 08:30:11 GMT" skipped="0" hostname="Lenovo-PC" errors="0">
  <testcase name="logintest" time="24.906" classname="keyword_fw.LoginUsing_Keywords"/>
</testsuite> <!-- keyword_fw.LoginUsing_Keywords -->
