<?xml version="1.0" encoding="UTF-8"?>
<!-- Generated by org.testng.reporters.JUnitReportReporter -->
<testsuite name="testNG.NewTest1" tests="2" time="0.011" ignored="0" failures="0" timestamp="06 Dec 2016 09:40:17 GMT" skipped="0" hostname="Lenovo-PC" errors="0">
  <testcase name="f" time="0.006" classname="testNG.NewTest1"/>
  <testcase name="a" time="0.005" classname="testNG.NewTest1"/>
</testsuite> <!-- testNG.NewTest1 -->
